...found 9 targets...
...updating 4 targets...
clang-darwin.compile.c++ libs/config/checks/architecture/bin/clang-darwin-12.0/debug/32.o
libs/config/checks/architecture/32.cpp:9:10: error: 'test' declared as an array with a negative size
int test[sizeof(void*) == 4? 1 : -1];
         ^~~~~~~~~~~~~~~~~~~~~~~~~~
1 error generated.

    "clang++" -x c++ -fPIC -O0 -fno-inline -Wall -g    -c -o "libs/config/checks/architecture/bin/clang-darwin-12.0/debug/32.o" "libs/config/checks/architecture/32.cpp"

...failed clang-darwin.compile.c++ libs/config/checks/architecture/bin/clang-darwin-12.0/debug/32.o...
...failed updating 1 target...
...updated 3 targets...
...found 2 targets...
...updating 1 target...
clang-darwin.compile.c++ libs/config/checks/architecture/bin/clang-darwin-12.0/debug/64.o
...updated 1 target...
...found 2 targets...
...updating 1 target...
clang-darwin.compile.c++ libs/config/checks/architecture/bin/clang-darwin-12.0/debug/arm.o
libs/config/checks/architecture/arm.cpp:13:2: error: "Not ARM"
#error "Not ARM"
 ^
1 error generated.

    "clang++" -x c++ -fPIC -O0 -fno-inline -Wall -g    -c -o "libs/config/checks/architecture/bin/clang-darwin-12.0/debug/arm.o" "libs/config/checks/architecture/arm.cpp"

...failed clang-darwin.compile.c++ libs/config/checks/architecture/bin/clang-darwin-12.0/debug/arm.o...
...failed updating 1 target...
...found 2 targets...
...updating 1 target...
clang-darwin.compile.c++ libs/config/checks/architecture/bin/clang-darwin-12.0/debug/mips1.o
libs/config/checks/architecture/mips1.cpp:10:2: error: "Not MIPS1"
#error "Not MIPS1"
 ^
1 error generated.

    "clang++" -x c++ -fPIC -O0 -fno-inline -Wall -g    -c -o "libs/config/checks/architecture/bin/clang-darwin-12.0/debug/mips1.o" "libs/config/checks/architecture/mips1.cpp"

...failed clang-darwin.compile.c++ libs/config/checks/architecture/bin/clang-darwin-12.0/debug/mips1.o...
...failed updating 1 target...
...found 2 targets...
...updating 1 target...
clang-darwin.compile.c++ libs/config/checks/architecture/bin/clang-darwin-12.0/debug/power.o
libs/config/checks/architecture/power.cpp:13:2: error: "Not PPC"
#error "Not PPC"
 ^
1 error generated.

    "clang++" -x c++ -fPIC -O0 -fno-inline -Wall -g    -c -o "libs/config/checks/architecture/bin/clang-darwin-12.0/debug/power.o" "libs/config/checks/architecture/power.cpp"

...failed clang-darwin.compile.c++ libs/config/checks/architecture/bin/clang-darwin-12.0/debug/power.o...
...failed updating 1 target...
...found 2 targets...
...updating 1 target...
clang-darwin.compile.c++ libs/config/checks/architecture/bin/clang-darwin-12.0/debug/riscv.o
libs/config/checks/architecture/riscv.cpp:9:2: error: "Not RISC-V"
#error "Not RISC-V"
 ^
1 error generated.

    "clang++" -x c++ -fPIC -O0 -fno-inline -Wall -g    -c -o "libs/config/checks/architecture/bin/clang-darwin-12.0/debug/riscv.o" "libs/config/checks/architecture/riscv.cpp"

...failed clang-darwin.compile.c++ libs/config/checks/architecture/bin/clang-darwin-12.0/debug/riscv.o...
...failed updating 1 target...
...found 2 targets...
...updating 1 target...
clang-darwin.compile.c++ libs/config/checks/architecture/bin/clang-darwin-12.0/debug/s390x.o
libs/config/checks/architecture/s390x.cpp:10:2: error: "Not S390x"
#error "Not S390x"
 ^
1 error generated.

    "clang++" -x c++ -fPIC -O0 -fno-inline -Wall -g    -c -o "libs/config/checks/architecture/bin/clang-darwin-12.0/debug/s390x.o" "libs/config/checks/architecture/s390x.cpp"

...failed clang-darwin.compile.c++ libs/config/checks/architecture/bin/clang-darwin-12.0/debug/s390x.o...
...failed updating 1 target...
...found 2 targets...
...updating 1 target...
clang-darwin.compile.c++ libs/config/checks/architecture/bin/clang-darwin-12.0/debug/sparc.o
libs/config/checks/architecture/sparc.cpp:10:2: error: "Not SPARC"
#error "Not SPARC"
 ^
1 error generated.

    "clang++" -x c++ -fPIC -O0 -fno-inline -Wall -g    -c -o "libs/config/checks/architecture/bin/clang-darwin-12.0/debug/sparc.o" "libs/config/checks/architecture/sparc.cpp"

...failed clang-darwin.compile.c++ libs/config/checks/architecture/bin/clang-darwin-12.0/debug/sparc.o...
...failed updating 1 target...
...found 2 targets...
...updating 1 target...
clang-darwin.compile.c++ libs/config/checks/architecture/bin/clang-darwin-12.0/debug/x86.o
...updated 1 target...
...found 109 targets...
...updating 9 targets...
clang-darwin.compile.c++ bin.v2/libs/context/build/clang-darwin-12.0/debug/threading-multi/visibility-hidden/cxx11_hdr_mutex_check.o
libs/context/src/../build/cxx11_hdr_mutex.cpp:9:2: error: "C++11 <mutex> is not available."
#error "C++11 <mutex> is not available."
 ^
1 error generated.

    "clang++" -x c++ -fvisibility-inlines-hidden -fPIC -m64 -O0 -fno-inline -Wall -g -fvisibility=hidden  -DBOOST_ALL_NO_LIB=1 -DBOOST_CONTEXT_DYN_LINK=1 -DBOOST_CONTEXT_SOURCE -I"." -c -o "bin.v2/libs/context/build/clang-darwin-12.0/debug/threading-multi/visibility-hidden/cxx11_hdr_mutex_check.o" "libs/context/src/../build/cxx11_hdr_mutex.cpp"

...failed clang-darwin.compile.c++ bin.v2/libs/context/build/clang-darwin-12.0/debug/threading-multi/visibility-hidden/cxx11_hdr_mutex_check.o...
...failed updating 1 target...
...updated 8 targets...
...patience...
...found 192 targets...
...updating 8 targets...
clang-darwin.compile.c++ bin.v2/libs/thread/build/clang-darwin-12.0/debug/threading-multi/visibility-hidden/has_atomic_flag_lockfree_test.o
clang-darwin.link bin.v2/libs/thread/build/clang-darwin-12.0/debug/threading-multi/visibility-hidden/has_atomic_flag_lockfree
...updated 8 targets...
...found 9 targets...
...updating 7 targets...
clang-darwin.compile.c++ bin.v2/libs/filesystem/config/clang-darwin-12.0/debug/threading-multi/visibility-hidden/has_stat_st_mtim.o
libs/filesystem/config/has_stat_st_mtim.cpp:15:8: error: no member named 'st_mtim' in 'stat'
    st.st_mtim.tv_nsec = 10;
    ~~ ^
1 error generated.

    "clang++" -x c++ -fvisibility-inlines-hidden -fPIC -m64 -O0 -fno-inline -Wall -g -fvisibility=hidden  -DBOOST_ALL_NO_LIB=1 -I"." -c -o "bin.v2/libs/filesystem/config/clang-darwin-12.0/debug/threading-multi/visibility-hidden/has_stat_st_mtim.o" "libs/filesystem/config/has_stat_st_mtim.cpp"

...failed clang-darwin.compile.c++ bin.v2/libs/filesystem/config/clang-darwin-12.0/debug/threading-multi/visibility-hidden/has_stat_st_mtim.o...
...failed updating 1 target...
...updated 6 targets...
...found 2 targets...
...updating 1 target...
clang-darwin.compile.c++ bin.v2/libs/filesystem/config/clang-darwin-12.0/debug/threading-multi/visibility-hidden/has_stat_st_mtimensec.o
libs/filesystem/config/has_stat_st_mtimensec.cpp:15:8: error: no member named 'st_mtimensec' in 'stat'
    st.st_mtimensec = 10;
    ~~ ^
1 error generated.

    "clang++" -x c++ -fvisibility-inlines-hidden -fPIC -m64 -O0 -fno-inline -Wall -g -fvisibility=hidden  -DBOOST_ALL_NO_LIB=1 -I"." -c -o "bin.v2/libs/filesystem/config/clang-darwin-12.0/debug/threading-multi/visibility-hidden/has_stat_st_mtimensec.o" "libs/filesystem/config/has_stat_st_mtimensec.cpp"

...failed clang-darwin.compile.c++ bin.v2/libs/filesystem/config/clang-darwin-12.0/debug/threading-multi/visibility-hidden/has_stat_st_mtimensec.o...
...failed updating 1 target...
...found 2 targets...
...updating 1 target...
clang-darwin.compile.c++ bin.v2/libs/filesystem/config/clang-darwin-12.0/debug/threading-multi/visibility-hidden/has_stat_st_mtimespec.o
...updated 1 target...
...found 8 targets...
...updating 7 targets...
clang-darwin.compile.c++ bin.v2/libs/config/checks/clang-darwin-12.0/debug/threading-multi/visibility-hidden/cxx11_auto_declarations.o
/Users/gianlaager/Documents/code/C++/ClionProjects/PGE-triSYCL-extension/deps/boost/libs/config/checks/test_case.cpp:216:7: error: "Defect macro BOOST_NO_CXX11_AUTO_DECLARATIONS is defined."
#     error "Defect macro BOOST_NO_CXX11_AUTO_DECLARATIONS is defined."
      ^
1 error generated.

    "clang++" -x c++ -fvisibility-inlines-hidden -fPIC -m64 -O0 -fno-inline -Wall -g -fvisibility=hidden  -DBOOST_ALL_NO_LIB=1 -DTEST_BOOST_NO_CXX11_AUTO_DECLARATIONS -I"." -c -o "bin.v2/libs/config/checks/clang-darwin-12.0/debug/threading-multi/visibility-hidden/cxx11_auto_declarations.o" "/Users/gianlaager/Documents/code/C++/ClionProjects/PGE-triSYCL-extension/deps/boost/libs/config/checks/test_case.cpp"

...failed clang-darwin.compile.c++ bin.v2/libs/config/checks/clang-darwin-12.0/debug/threading-multi/visibility-hidden/cxx11_auto_declarations.o...
...failed updating 1 target...
...updated 6 targets...
...found 1 target...
...updating 1 target...
clang-darwin.compile.c++ bin.v2/libs/config/checks/clang-darwin-12.0/debug/threading-multi/visibility-hidden/cxx11_constexpr.o
/Users/gianlaager/Documents/code/C++/ClionProjects/PGE-triSYCL-extension/deps/boost/libs/config/checks/test_case.cpp:251:7: error: "Defect macro BOOST_NO_CXX11_CONSTEXPR is defined."
#     error "Defect macro BOOST_NO_CXX11_CONSTEXPR is defined."
      ^
1 error generated.

    "clang++" -x c++ -fvisibility-inlines-hidden -fPIC -m64 -O0 -fno-inline -Wall -g -fvisibility=hidden  -DBOOST_ALL_NO_LIB=1 -DTEST_BOOST_NO_CXX11_CONSTEXPR -I"." -c -o "bin.v2/libs/config/checks/clang-darwin-12.0/debug/threading-multi/visibility-hidden/cxx11_constexpr.o" "/Users/gianlaager/Documents/code/C++/ClionProjects/PGE-triSYCL-extension/deps/boost/libs/config/checks/test_case.cpp"

...failed clang-darwin.compile.c++ bin.v2/libs/config/checks/clang-darwin-12.0/debug/threading-multi/visibility-hidden/cxx11_constexpr.o...
...failed updating 1 target...
...found 1 target...
...updating 1 target...
clang-darwin.compile.c++ bin.v2/libs/config/checks/clang-darwin-12.0/debug/threading-multi/visibility-hidden/cxx11_defaulted_functions.o
/Users/gianlaager/Documents/code/C++/ClionProjects/PGE-triSYCL-extension/deps/boost/libs/config/checks/test_case.cpp:611:7: error: "Defect macro BOOST_NO_CXX11_DEFAULTED_FUNCTIONS is defined."
#     error "Defect macro BOOST_NO_CXX11_DEFAULTED_FUNCTIONS is defined."
      ^
1 error generated.

    "clang++" -x c++ -fvisibility-inlines-hidden -fPIC -m64 -O0 -fno-inline -Wall -g -fvisibility=hidden  -DBOOST_ALL_NO_LIB=1 -DTEST_BOOST_NO_CXX11_DEFAULTED_FUNCTIONS -I"." -c -o "bin.v2/libs/config/checks/clang-darwin-12.0/debug/threading-multi/visibility-hidden/cxx11_defaulted_functions.o" "/Users/gianlaager/Documents/code/C++/ClionProjects/PGE-triSYCL-extension/deps/boost/libs/config/checks/test_case.cpp"

...failed clang-darwin.compile.c++ bin.v2/libs/config/checks/clang-darwin-12.0/debug/threading-multi/visibility-hidden/cxx11_defaulted_functions.o...
...failed updating 1 target...
...found 1 target...
...updating 1 target...
clang-darwin.compile.c++ bin.v2/libs/config/checks/clang-darwin-12.0/debug/threading-multi/visibility-hidden/cxx11_final.o
/Users/gianlaager/Documents/code/C++/ClionProjects/PGE-triSYCL-extension/deps/boost/libs/config/checks/test_case.cpp:311:7: error: "Defect macro BOOST_NO_CXX11_FINAL is defined."
#     error "Defect macro BOOST_NO_CXX11_FINAL is defined."
      ^
1 error generated.

    "clang++" -x c++ -fvisibility-inlines-hidden -fPIC -m64 -O0 -fno-inline -Wall -g -fvisibility=hidden  -DBOOST_ALL_NO_LIB=1 -DTEST_BOOST_NO_CXX11_FINAL -I"." -c -o "bin.v2/libs/config/checks/clang-darwin-12.0/debug/threading-multi/visibility-hidden/cxx11_final.o" "/Users/gianlaager/Documents/code/C++/ClionProjects/PGE-triSYCL-extension/deps/boost/libs/config/checks/test_case.cpp"

...failed clang-darwin.compile.c++ bin.v2/libs/config/checks/clang-darwin-12.0/debug/threading-multi/visibility-hidden/cxx11_final.o...
...failed updating 1 target...
...found 1 target...
...updating 1 target...
clang-darwin.compile.c++ bin.v2/libs/config/checks/clang-darwin-12.0/debug/threading-multi/visibility-hidden/cxx11_hdr_mutex.o
/Users/gianlaager/Documents/code/C++/ClionProjects/PGE-triSYCL-extension/deps/boost/libs/config/checks/test_case.cpp:356:7: error: "Defect macro BOOST_NO_CXX11_HDR_MUTEX is defined."
#     error "Defect macro BOOST_NO_CXX11_HDR_MUTEX is defined."
      ^
1 error generated.

    "clang++" -x c++ -fvisibility-inlines-hidden -fPIC -m64 -O0 -fno-inline -Wall -g -fvisibility=hidden  -DBOOST_ALL_NO_LIB=1 -DTEST_BOOST_NO_CXX11_HDR_MUTEX -I"." -c -o "bin.v2/libs/config/checks/clang-darwin-12.0/debug/threading-multi/visibility-hidden/cxx11_hdr_mutex.o" "/Users/gianlaager/Documents/code/C++/ClionProjects/PGE-triSYCL-extension/deps/boost/libs/config/checks/test_case.cpp"

...failed clang-darwin.compile.c++ bin.v2/libs/config/checks/clang-darwin-12.0/debug/threading-multi/visibility-hidden/cxx11_hdr_mutex.o...
...failed updating 1 target...
...found 1 target...
...updating 1 target...
clang-darwin.compile.c++ bin.v2/libs/config/checks/clang-darwin-12.0/debug/threading-multi/visibility-hidden/cxx11_hdr_tuple.o
/Users/gianlaager/Documents/code/C++/ClionProjects/PGE-triSYCL-extension/deps/boost/libs/config/checks/test_case.cpp:386:7: error: "Defect macro BOOST_NO_CXX11_HDR_TUPLE is defined."
#     error "Defect macro BOOST_NO_CXX11_HDR_TUPLE is defined."
      ^
1 error generated.

    "clang++" -x c++ -fvisibility-inlines-hidden -fPIC -m64 -O0 -fno-inline -Wall -g -fvisibility=hidden  -DBOOST_ALL_NO_LIB=1 -DTEST_BOOST_NO_CXX11_HDR_TUPLE -I"." -c -o "bin.v2/libs/config/checks/clang-darwin-12.0/debug/threading-multi/visibility-hidden/cxx11_hdr_tuple.o" "/Users/gianlaager/Documents/code/C++/ClionProjects/PGE-triSYCL-extension/deps/boost/libs/config/checks/test_case.cpp"

...failed clang-darwin.compile.c++ bin.v2/libs/config/checks/clang-darwin-12.0/debug/threading-multi/visibility-hidden/cxx11_hdr_tuple.o...
...failed updating 1 target...
...found 1 target...
...updating 1 target...
clang-darwin.compile.c++ bin.v2/libs/config/checks/clang-darwin-12.0/debug/threading-multi/visibility-hidden/cxx11_lambdas.o
/Users/gianlaager/Documents/code/C++/ClionProjects/PGE-triSYCL-extension/deps/boost/libs/config/checks/test_case.cpp:716:7: error: "Defect macro BOOST_NO_CXX11_LAMBDAS is defined."
#     error "Defect macro BOOST_NO_CXX11_LAMBDAS is defined."
      ^
1 error generated.

    "clang++" -x c++ -fvisibility-inlines-hidden -fPIC -m64 -O0 -fno-inline -Wall -g -fvisibility=hidden  -DBOOST_ALL_NO_LIB=1 -DTEST_BOOST_NO_CXX11_LAMBDAS -I"." -c -o "bin.v2/libs/config/checks/clang-darwin-12.0/debug/threading-multi/visibility-hidden/cxx11_lambdas.o" "/Users/gianlaager/Documents/code/C++/ClionProjects/PGE-triSYCL-extension/deps/boost/libs/config/checks/test_case.cpp"

...failed clang-darwin.compile.c++ bin.v2/libs/config/checks/clang-darwin-12.0/debug/threading-multi/visibility-hidden/cxx11_lambdas.o...
...failed updating 1 target...
...found 1 target...
...updating 1 target...
clang-darwin.compile.c++ bin.v2/libs/config/checks/clang-darwin-12.0/debug/threading-multi/visibility-hidden/cxx11_noexcept.o
/Users/gianlaager/Documents/code/C++/ClionProjects/PGE-triSYCL-extension/deps/boost/libs/config/checks/test_case.cpp:771:7: error: "Defect macro BOOST_NO_CXX11_NOEXCEPT is defined."
#     error "Defect macro BOOST_NO_CXX11_NOEXCEPT is defined."
      ^
1 error generated.

    "clang++" -x c++ -fvisibility-inlines-hidden -fPIC -m64 -O0 -fno-inline -Wall -g -fvisibility=hidden  -DBOOST_ALL_NO_LIB=1 -DTEST_BOOST_NO_CXX11_NOEXCEPT -I"." -c -o "bin.v2/libs/config/checks/clang-darwin-12.0/debug/threading-multi/visibility-hidden/cxx11_noexcept.o" "/Users/gianlaager/Documents/code/C++/ClionProjects/PGE-triSYCL-extension/deps/boost/libs/config/checks/test_case.cpp"

...failed clang-darwin.compile.c++ bin.v2/libs/config/checks/clang-darwin-12.0/debug/threading-multi/visibility-hidden/cxx11_noexcept.o...
...failed updating 1 target...
...found 1 target...
...updating 1 target...
clang-darwin.compile.c++ bin.v2/libs/config/checks/clang-darwin-12.0/debug/threading-multi/visibility-hidden/cxx11_nullptr.o
/Users/gianlaager/Documents/code/C++/ClionProjects/PGE-triSYCL-extension/deps/boost/libs/config/checks/test_case.cpp:776:7: error: "Defect macro BOOST_NO_CXX11_NULLPTR is defined."
#     error "Defect macro BOOST_NO_CXX11_NULLPTR is defined."
      ^
1 error generated.

    "clang++" -x c++ -fvisibility-inlines-hidden -fPIC -m64 -O0 -fno-inline -Wall -g -fvisibility=hidden  -DBOOST_ALL_NO_LIB=1 -DTEST_BOOST_NO_CXX11_NULLPTR -I"." -c -o "bin.v2/libs/config/checks/clang-darwin-12.0/debug/threading-multi/visibility-hidden/cxx11_nullptr.o" "/Users/gianlaager/Documents/code/C++/ClionProjects/PGE-triSYCL-extension/deps/boost/libs/config/checks/test_case.cpp"

...failed clang-darwin.compile.c++ bin.v2/libs/config/checks/clang-darwin-12.0/debug/threading-multi/visibility-hidden/cxx11_nullptr.o...
...failed updating 1 target...
...found 1 target...
...updating 1 target...
clang-darwin.compile.c++ bin.v2/libs/config/checks/clang-darwin-12.0/debug/threading-multi/visibility-hidden/cxx11_rvalue_references.o
/Users/gianlaager/Documents/code/C++/ClionProjects/PGE-triSYCL-extension/deps/boost/libs/config/checks/test_case.cpp:831:7: error: "Defect macro BOOST_NO_CXX11_RVALUE_REFERENCES is defined."
#     error "Defect macro BOOST_NO_CXX11_RVALUE_REFERENCES is defined."
      ^
1 error generated.

    "clang++" -x c++ -fvisibility-inlines-hidden -fPIC -m64 -O0 -fno-inline -Wall -g -fvisibility=hidden  -DBOOST_ALL_NO_LIB=1 -DTEST_BOOST_NO_CXX11_RVALUE_REFERENCES -I"." -c -o "bin.v2/libs/config/checks/clang-darwin-12.0/debug/threading-multi/visibility-hidden/cxx11_rvalue_references.o" "/Users/gianlaager/Documents/code/C++/ClionProjects/PGE-triSYCL-extension/deps/boost/libs/config/checks/test_case.cpp"

...failed clang-darwin.compile.c++ bin.v2/libs/config/checks/clang-darwin-12.0/debug/threading-multi/visibility-hidden/cxx11_rvalue_references.o...
...failed updating 1 target...
...found 1 target...
...updating 1 target...
clang-darwin.compile.c++ bin.v2/libs/config/checks/clang-darwin-12.0/debug/threading-multi/visibility-hidden/cxx11_template_aliases.o
/Users/gianlaager/Documents/code/C++/ClionProjects/PGE-triSYCL-extension/deps/boost/libs/config/checks/test_case.cpp:936:7: error: "Defect macro BOOST_NO_CXX11_TEMPLATE_ALIASES is defined."
#     error "Defect macro BOOST_NO_CXX11_TEMPLATE_ALIASES is defined."
      ^
1 error generated.

    "clang++" -x c++ -fvisibility-inlines-hidden -fPIC -m64 -O0 -fno-inline -Wall -g -fvisibility=hidden  -DBOOST_ALL_NO_LIB=1 -DTEST_BOOST_NO_CXX11_TEMPLATE_ALIASES -I"." -c -o "bin.v2/libs/config/checks/clang-darwin-12.0/debug/threading-multi/visibility-hidden/cxx11_template_aliases.o" "/Users/gianlaager/Documents/code/C++/ClionProjects/PGE-triSYCL-extension/deps/boost/libs/config/checks/test_case.cpp"

...failed clang-darwin.compile.c++ bin.v2/libs/config/checks/clang-darwin-12.0/debug/threading-multi/visibility-hidden/cxx11_template_aliases.o...
...failed updating 1 target...
...found 1 target...
...updating 1 target...
clang-darwin.compile.c++ bin.v2/libs/config/checks/clang-darwin-12.0/debug/threading-multi/visibility-hidden/cxx11_thread_local.o
/Users/gianlaager/Documents/code/C++/ClionProjects/PGE-triSYCL-extension/deps/boost/libs/config/checks/test_case.cpp:456:7: error: "Defect macro BOOST_NO_CXX11_THREAD_LOCAL is defined."
#     error "Defect macro BOOST_NO_CXX11_THREAD_LOCAL is defined."
      ^
1 error generated.

    "clang++" -x c++ -fvisibility-inlines-hidden -fPIC -m64 -O0 -fno-inline -Wall -g -fvisibility=hidden  -DBOOST_ALL_NO_LIB=1 -DTEST_BOOST_NO_CXX11_THREAD_LOCAL -I"." -c -o "bin.v2/libs/config/checks/clang-darwin-12.0/debug/threading-multi/visibility-hidden/cxx11_thread_local.o" "/Users/gianlaager/Documents/code/C++/ClionProjects/PGE-triSYCL-extension/deps/boost/libs/config/checks/test_case.cpp"

...failed clang-darwin.compile.c++ bin.v2/libs/config/checks/clang-darwin-12.0/debug/threading-multi/visibility-hidden/cxx11_thread_local.o...
...failed updating 1 target...
...found 1 target...
...updating 1 target...
clang-darwin.compile.c++ bin.v2/libs/config/checks/clang-darwin-12.0/debug/threading-multi/visibility-hidden/cxx11_variadic_templates.o
/Users/gianlaager/Documents/code/C++/ClionProjects/PGE-triSYCL-extension/deps/boost/libs/config/checks/test_case.cpp:1001:7: error: "Defect macro BOOST_NO_CXX11_VARIADIC_TEMPLATES is defined."
#     error "Defect macro BOOST_NO_CXX11_VARIADIC_TEMPLATES is defined."
      ^
1 error generated.

    "clang++" -x c++ -fvisibility-inlines-hidden -fPIC -m64 -O0 -fno-inline -Wall -g -fvisibility=hidden  -DBOOST_ALL_NO_LIB=1 -DTEST_BOOST_NO_CXX11_VARIADIC_TEMPLATES -I"." -c -o "bin.v2/libs/config/checks/clang-darwin-12.0/debug/threading-multi/visibility-hidden/cxx11_variadic_templates.o" "/Users/gianlaager/Documents/code/C++/ClionProjects/PGE-triSYCL-extension/deps/boost/libs/config/checks/test_case.cpp"

...failed clang-darwin.compile.c++ bin.v2/libs/config/checks/clang-darwin-12.0/debug/threading-multi/visibility-hidden/cxx11_variadic_templates.o...
...failed updating 1 target...
...found 24 targets...
...updating 8 targets...
clang-darwin.compile.c++ bin.v2/libs/regex/build/clang-darwin-12.0/debug/threading-multi/visibility-hidden/has_icu_test.o
libs/regex/build/has_icu_test.cpp:12:10: fatal error: 'unicode/uversion.h' file not found
#include <unicode/uversion.h>
         ^~~~~~~~~~~~~~~~~~~~
1 error generated.

    "clang++" -x c++ -fvisibility-inlines-hidden -fPIC -m64 -O0 -fno-inline -Wall -g -fvisibility=hidden  -DBOOST_ALL_NO_LIB=1 -DBOOST_HAS_ICU=1 -I"." -c -o "bin.v2/libs/regex/build/clang-darwin-12.0/debug/threading-multi/visibility-hidden/has_icu_test.o" "libs/regex/build/has_icu_test.cpp"

...failed clang-darwin.compile.c++ bin.v2/libs/regex/build/clang-darwin-12.0/debug/threading-multi/visibility-hidden/has_icu_test.o...
...skipped <pbin.v2/libs/regex/build/clang-darwin-12.0/debug/threading-multi/visibility-hidden>has_icu for lack of <pbin.v2/libs/regex/build/clang-darwin-12.0/debug/threading-multi/visibility-hidden>has_icu_test.o...
...failed updating 1 target...
...skipped 1 target...
...updated 6 targets...
...found 10 targets...
...updating 8 targets...
clang-darwin.compile.c++ bin.v2/standalone/ac/clang-darwin-12.0/release/threading-multi/visibility-hidden/zlib_h.o
...updated 8 targets...
...found 5 targets...
...updating 3 targets...
clang-darwin.compile.c++ bin.v2/standalone/ac/clang-darwin-12.0/release/threading-multi/visibility-hidden/main-z.o
clang-darwin.link bin.v2/standalone/ac/clang-darwin-12.0/release/threading-multi/visibility-hidden/z
...updated 3 targets...
...found 4 targets...
...updating 2 targets...
clang-darwin.compile.c++ bin.v2/standalone/ac/clang-darwin-12.0/release/threading-multi/visibility-hidden/bzlib_h.o
...updated 2 targets...
...found 5 targets...
...updating 3 targets...
clang-darwin.compile.c++ bin.v2/standalone/ac/clang-darwin-12.0/release/threading-multi/visibility-hidden/main-bz2.o
clang-darwin.link bin.v2/standalone/ac/clang-darwin-12.0/release/threading-multi/visibility-hidden/bz2
...updated 3 targets...
...found 4 targets...
...updating 2 targets...
clang-darwin.compile.c++ bin.v2/standalone/ac/clang-darwin-12.0/release/threading-multi/visibility-hidden/lzma_h.o
...updated 2 targets...
...found 5 targets...
...updating 3 targets...
clang-darwin.compile.c++ bin.v2/standalone/ac/clang-darwin-12.0/release/threading-multi/visibility-hidden/main-lzma.o
clang-darwin.link bin.v2/standalone/ac/clang-darwin-12.0/release/threading-multi/visibility-hidden/lzma
...updated 3 targets...
...found 4 targets...
...updating 2 targets...
clang-darwin.compile.c++ bin.v2/standalone/ac/clang-darwin-12.0/release/threading-multi/visibility-hidden/zstd_h.o
bin.v2/standalone/ac/zstd_h.cpp:1:10: fatal error: 'zstd.h' file not found
#include <zstd.h>
         ^~~~~~~~
1 error generated.

    "clang++" -x c++ -fvisibility-inlines-hidden -fPIC -m64 -O3 -Wall -fvisibility=hidden -Wno-inline  -DNDEBUG  -c -o "bin.v2/standalone/ac/clang-darwin-12.0/release/threading-multi/visibility-hidden/zstd_h.o" "bin.v2/standalone/ac/zstd_h.cpp"

...failed clang-darwin.compile.c++ bin.v2/standalone/ac/clang-darwin-12.0/release/threading-multi/visibility-hidden/zstd_h.o...
...failed updating 1 target...
...updated 1 target...
...found 5 targets...
...updating 3 targets...
clang-darwin.compile.c++ bin.v2/standalone/ac/clang-darwin-12.0/release/threading-multi/visibility-hidden/main-zstd.o
clang-darwin.link bin.v2/standalone/ac/clang-darwin-12.0/release/threading-multi/visibility-hidden/zstd
ld: library not found for -lzstd
clang: error: linker command failed with exit code 1 (use -v to see invocation)

    "clang++"   -o "bin.v2/standalone/ac/clang-darwin-12.0/release/threading-multi/visibility-hidden/zstd" "bin.v2/standalone/ac/clang-darwin-12.0/release/threading-multi/visibility-hidden/main-zstd.o"      -lzstd  -fPIC -m64 -fvisibility=hidden -fvisibility-inlines-hidden

...failed clang-darwin.link bin.v2/standalone/ac/clang-darwin-12.0/release/threading-multi/visibility-hidden/zstd...
...failed updating 1 target...
...updated 2 targets...
...found 5 targets...
...updating 3 targets...
clang-darwin.compile.c++ bin.v2/standalone/ac/clang-darwin-12.0/release/threading-multi/visibility-hidden/main-zstd_static.o
clang-darwin.link bin.v2/standalone/ac/clang-darwin-12.0/release/threading-multi/visibility-hidden/zstd_static
ld: library not found for -lzstd_static
clang: error: linker command failed with exit code 1 (use -v to see invocation)

    "clang++"   -o "bin.v2/standalone/ac/clang-darwin-12.0/release/threading-multi/visibility-hidden/zstd_static" "bin.v2/standalone/ac/clang-darwin-12.0/release/threading-multi/visibility-hidden/main-zstd_static.o"      -lzstd_static  -fPIC -m64 -fvisibility=hidden -fvisibility-inlines-hidden

...failed clang-darwin.link bin.v2/standalone/ac/clang-darwin-12.0/release/threading-multi/visibility-hidden/zstd_static...
...failed updating 1 target...
...updated 2 targets...
...found 5 targets...
...updating 3 targets...
clang-darwin.compile.c++ bin.v2/standalone/ac/clang-darwin-12.0/release/threading-multi/visibility-hidden/main-libzstd.o
clang-darwin.link bin.v2/standalone/ac/clang-darwin-12.0/release/threading-multi/visibility-hidden/libzstd
ld: library not found for -llibzstd
clang: error: linker command failed with exit code 1 (use -v to see invocation)

    "clang++"   -o "bin.v2/standalone/ac/clang-darwin-12.0/release/threading-multi/visibility-hidden/libzstd" "bin.v2/standalone/ac/clang-darwin-12.0/release/threading-multi/visibility-hidden/main-libzstd.o"      -llibzstd  -fPIC -m64 -fvisibility=hidden -fvisibility-inlines-hidden

...failed clang-darwin.link bin.v2/standalone/ac/clang-darwin-12.0/release/threading-multi/visibility-hidden/libzstd...
...failed updating 1 target...
...updated 2 targets...
...found 5 targets...
...updating 3 targets...
clang-darwin.compile.c++ bin.v2/standalone/ac/clang-darwin-12.0/release/threading-multi/visibility-hidden/main-libzstd_static.o
clang-darwin.link bin.v2/standalone/ac/clang-darwin-12.0/release/threading-multi/visibility-hidden/libzstd_static
ld: library not found for -llibzstd_static
clang: error: linker command failed with exit code 1 (use -v to see invocation)

    "clang++"   -o "bin.v2/standalone/ac/clang-darwin-12.0/release/threading-multi/visibility-hidden/libzstd_static" "bin.v2/standalone/ac/clang-darwin-12.0/release/threading-multi/visibility-hidden/main-libzstd_static.o"      -llibzstd_static  -fPIC -m64 -fvisibility=hidden -fvisibility-inlines-hidden

...failed clang-darwin.link bin.v2/standalone/ac/clang-darwin-12.0/release/threading-multi/visibility-hidden/libzstd_static...
...failed updating 1 target...
...updated 2 targets...
...found 5 targets...
...updating 5 targets...
clang-darwin.compile.c++ bin.v2/standalone/ac/clang-darwin-12.0/release/link-static/threading-multi/visibility-hidden/main-zstd.o
clang-darwin.link bin.v2/standalone/ac/clang-darwin-12.0/release/link-static/threading-multi/visibility-hidden/zstd
ld: library not found for -lzstd
clang: error: linker command failed with exit code 1 (use -v to see invocation)

    "clang++"   -o "bin.v2/standalone/ac/clang-darwin-12.0/release/link-static/threading-multi/visibility-hidden/zstd" "bin.v2/standalone/ac/clang-darwin-12.0/release/link-static/threading-multi/visibility-hidden/main-zstd.o"    -lzstd    -m64 -fvisibility=hidden -fvisibility-inlines-hidden

...failed clang-darwin.link bin.v2/standalone/ac/clang-darwin-12.0/release/link-static/threading-multi/visibility-hidden/zstd...
...failed updating 1 target...
...updated 4 targets...
...found 2 targets...
...updating 2 targets...
clang-darwin.compile.c++ bin.v2/standalone/ac/clang-darwin-12.0/release/link-static/threading-multi/visibility-hidden/main-zstd_static.o
clang-darwin.link bin.v2/standalone/ac/clang-darwin-12.0/release/link-static/threading-multi/visibility-hidden/zstd_static
ld: library not found for -lzstd_static
clang: error: linker command failed with exit code 1 (use -v to see invocation)

    "clang++"   -o "bin.v2/standalone/ac/clang-darwin-12.0/release/link-static/threading-multi/visibility-hidden/zstd_static" "bin.v2/standalone/ac/clang-darwin-12.0/release/link-static/threading-multi/visibility-hidden/main-zstd_static.o"    -lzstd_static    -m64 -fvisibility=hidden -fvisibility-inlines-hidden

...failed clang-darwin.link bin.v2/standalone/ac/clang-darwin-12.0/release/link-static/threading-multi/visibility-hidden/zstd_static...
...failed updating 1 target...
...updated 1 target...
...found 2 targets...
...updating 2 targets...
clang-darwin.compile.c++ bin.v2/standalone/ac/clang-darwin-12.0/release/link-static/threading-multi/visibility-hidden/main-libzstd.o
clang-darwin.link bin.v2/standalone/ac/clang-darwin-12.0/release/link-static/threading-multi/visibility-hidden/libzstd
ld: library not found for -llibzstd
clang: error: linker command failed with exit code 1 (use -v to see invocation)

    "clang++"   -o "bin.v2/standalone/ac/clang-darwin-12.0/release/link-static/threading-multi/visibility-hidden/libzstd" "bin.v2/standalone/ac/clang-darwin-12.0/release/link-static/threading-multi/visibility-hidden/main-libzstd.o"    -llibzstd    -m64 -fvisibility=hidden -fvisibility-inlines-hidden

...failed clang-darwin.link bin.v2/standalone/ac/clang-darwin-12.0/release/link-static/threading-multi/visibility-hidden/libzstd...
...failed updating 1 target...
...updated 1 target...
...found 2 targets...
...updating 2 targets...
clang-darwin.compile.c++ bin.v2/standalone/ac/clang-darwin-12.0/release/link-static/threading-multi/visibility-hidden/main-libzstd_static.o
clang-darwin.link bin.v2/standalone/ac/clang-darwin-12.0/release/link-static/threading-multi/visibility-hidden/libzstd_static
ld: library not found for -llibzstd_static
clang: error: linker command failed with exit code 1 (use -v to see invocation)

    "clang++"   -o "bin.v2/standalone/ac/clang-darwin-12.0/release/link-static/threading-multi/visibility-hidden/libzstd_static" "bin.v2/standalone/ac/clang-darwin-12.0/release/link-static/threading-multi/visibility-hidden/main-libzstd_static.o"    -llibzstd_static    -m64 -fvisibility=hidden -fvisibility-inlines-hidden

...failed clang-darwin.link bin.v2/standalone/ac/clang-darwin-12.0/release/link-static/threading-multi/visibility-hidden/libzstd_static...
...failed updating 1 target...
...updated 1 target...
...found 10 targets...
...updating 8 targets...
clang-darwin.compile.c++ bin.v2/libs/iostreams/build/clang-darwin-12.0/debug/threading-multi/visibility-hidden/has_lzma_cputhreads.o
clang-darwin.link bin.v2/libs/iostreams/build/clang-darwin-12.0/debug/threading-multi/visibility-hidden/has_lzma_cputhreads
...updated 8 targets...
...found 10 targets...
...updating 8 targets...
clang-darwin.compile.c++ bin.v2/libs/locale/build/clang-darwin-12.0/debug/threading-multi/visibility-hidden/has_iconv_libc_obj.o
clang-darwin.link bin.v2/libs/locale/build/clang-darwin-12.0/debug/threading-multi/visibility-hidden/has_iconv
Undefined symbols for architecture x86_64:
  "_iconv_open", referenced from:
      _main in has_iconv_libc_obj.o
ld: symbol(s) not found for architecture x86_64
clang: error: linker command failed with exit code 1 (use -v to see invocation)

    "clang++"   -o "bin.v2/libs/locale/build/clang-darwin-12.0/debug/threading-multi/visibility-hidden/has_iconv" "bin.v2/libs/locale/build/clang-darwin-12.0/debug/threading-multi/visibility-hidden/has_iconv_libc_obj.o"        -fPIC -m64 -g -fvisibility=hidden -fvisibility-inlines-hidden

...failed clang-darwin.link bin.v2/libs/locale/build/clang-darwin-12.0/debug/threading-multi/visibility-hidden/has_iconv...
...failed updating 1 target...
...updated 7 targets...
...found 2 targets...
...updating 2 targets...
clang-darwin.compile.c++ bin.v2/libs/locale/build/clang-darwin-12.0/debug/threading-multi/visibility-hidden/has_iconv_libc_ext.o
clang-darwin.link bin.v2/libs/locale/build/clang-darwin-12.0/debug/threading-multi/visibility-hidden/has_external_iconv
...updated 2 targets...
...found 4 targets...
...updating 2 targets...
clang-darwin.compile.c++ bin.v2/libs/locale/build/clang-darwin-12.0/debug/threading-multi/visibility-hidden/has_icu_obj.o
libs/locale/src/../build/has_icu_test.cpp:12:10: fatal error: 'unicode/uversion.h' file not found
#include <unicode/uversion.h>
         ^~~~~~~~~~~~~~~~~~~~
1 error generated.

    "clang++" -x c++ -fvisibility-inlines-hidden -fPIC -m64 -O0 -fno-inline -Wall -g -fvisibility=hidden  -DBOOST_ALL_NO_LIB=1 -I"." -c -o "bin.v2/libs/locale/build/clang-darwin-12.0/debug/threading-multi/visibility-hidden/has_icu_obj.o" "libs/locale/src/../build/has_icu_test.cpp"

...failed clang-darwin.compile.c++ bin.v2/libs/locale/build/clang-darwin-12.0/debug/threading-multi/visibility-hidden/has_icu_obj.o...
...skipped <pbin.v2/libs/locale/build/clang-darwin-12.0/debug/threading-multi/visibility-hidden>has_icu for lack of <pbin.v2/libs/locale/build/clang-darwin-12.0/debug/threading-multi/visibility-hidden>has_icu_obj.o...
...failed updating 1 target...
...skipped 1 target...
...found 2 targets...
...updating 2 targets...
clang-darwin.compile.c++ bin.v2/libs/locale/build/clang-darwin-12.0/debug/threading-multi/visibility-hidden/has_icu64_obj.o
libs/locale/src/../build/has_icu_test.cpp:12:10: fatal error: 'unicode/uversion.h' file not found
#include <unicode/uversion.h>
         ^~~~~~~~~~~~~~~~~~~~
1 error generated.

    "clang++" -x c++ -fvisibility-inlines-hidden -fPIC -m64 -O0 -fno-inline -Wall -g -fvisibility=hidden  -DBOOST_ALL_NO_LIB=1 -I"." -c -o "bin.v2/libs/locale/build/clang-darwin-12.0/debug/threading-multi/visibility-hidden/has_icu64_obj.o" "libs/locale/src/../build/has_icu_test.cpp"

...failed clang-darwin.compile.c++ bin.v2/libs/locale/build/clang-darwin-12.0/debug/threading-multi/visibility-hidden/has_icu64_obj.o...
...skipped <pbin.v2/libs/locale/build/clang-darwin-12.0/debug/threading-multi/visibility-hidden>has_icu64 for lack of <pbin.v2/libs/locale/build/clang-darwin-12.0/debug/threading-multi/visibility-hidden>has_icu64_obj.o...
...failed updating 1 target...
...skipped 1 target...
...found 11 targets...
...updating 9 targets...
clang-darwin.compile.c++ bin.v2/libs/log/config/atomic-int32/clang-darwin-12.0/debug/pch-off/threading-multi/visibility-hidden/atomic_int32.o
...updated 9 targets...
...found 9 targets...
...updating 7 targets...
clang-darwin.compile.c++ bin.v2/libs/log/config/native-syslog/clang-darwin-12.0/debug/pch-off/threading-multi/visibility-hidden/native_syslog.o
...updated 7 targets...
...found 8 targets...
...updating 7 targets...
clang-darwin.compile.c++ bin.v2/libs/log/config/pthread-mutex-robust/clang-darwin-12.0/debug/pch-off/threading-multi/visibility-hidden/pthread_mutex_robust.o
libs/log/config/pthread-mutex-robust/pthread_mutex_robust.cpp:17:40: error: use of undeclared identifier 'PTHREAD_MUTEX_ROBUST'
    pthread_mutexattr_setrobust(&attr, PTHREAD_MUTEX_ROBUST);
                                       ^
libs/log/config/pthread-mutex-robust/pthread_mutex_robust.cpp:26:15: error: use of undeclared identifier 'pthread_mutex_consistent'; did you mean 'pthread_mutex_destroy'?
        err = pthread_mutex_consistent(&m);
              ^~~~~~~~~~~~~~~~~~~~~~~~
              pthread_mutex_destroy
/Applications/Xcode.app/Contents/Developer/Platforms/MacOSX.platform/Developer/SDKs/MacOSX.sdk/usr/include/pthread.h:372:5: note: 'pthread_mutex_destroy' declared here
int pthread_mutex_destroy(pthread_mutex_t *);
    ^
2 errors generated.

    "clang++" -x c++ -fvisibility-inlines-hidden -fPIC -m64 -O0 -fno-inline -Wall -g -fvisibility=hidden  -DBOOST_ALL_NO_LIB=1 -I"." -c -o "bin.v2/libs/log/config/pthread-mutex-robust/clang-darwin-12.0/debug/pch-off/threading-multi/visibility-hidden/pthread_mutex_robust.o" "libs/log/config/pthread-mutex-robust/pthread_mutex_robust.cpp"

...failed clang-darwin.compile.c++ bin.v2/libs/log/config/pthread-mutex-robust/clang-darwin-12.0/debug/pch-off/threading-multi/visibility-hidden/pthread_mutex_robust.o...
...failed updating 1 target...
...updated 6 targets...
...found 9 targets...
...updating 7 targets...
clang-darwin.compile.c++ bin.v2/libs/log/config/x86-ext/clang-darwin-12.0/debug/pch-off/threading-multi/visibility-hidden/ssse3.o
...updated 7 targets...
...found 3 targets...
...updating 1 target...
clang-darwin.compile.c++ bin.v2/libs/log/config/x86-ext/clang-darwin-12.0/debug/pch-off/threading-multi/visibility-hidden/avx2.o
...updated 1 target...
...found 8 targets...
...updating 7 targets...
clang-darwin.compile.c++ bin.v2/libs/math/config/clang-darwin-12.0/debug/threading-multi/visibility-hidden/has_gcc_visibility.o
...updated 7 targets...
...found 18 targets...
...updating 1 target...
clang-darwin.compile.c++ bin.v2/libs/math/config/clang-darwin-12.0/debug/threading-multi/visibility-hidden/has_long_double_support.o
...updated 1 target...
...found 1 target...
...updating 1 target...
clang-darwin.compile.c++ bin.v2/libs/config/checks/clang-darwin-12.0/debug/threading-multi/visibility-hidden/cxx11_static_assert.o
/Users/gianlaager/Documents/code/C++/ClionProjects/PGE-triSYCL-extension/deps/boost/libs/config/checks/test_case.cpp:856:7: error: "Defect macro BOOST_NO_CXX11_STATIC_ASSERT is defined."
#     error "Defect macro BOOST_NO_CXX11_STATIC_ASSERT is defined."
      ^
1 error generated.

    "clang++" -x c++ -fvisibility-inlines-hidden -fPIC -m64 -O0 -fno-inline -Wall -g -fvisibility=hidden  -DBOOST_ALL_NO_LIB=1 -DTEST_BOOST_NO_CXX11_STATIC_ASSERT -I"." -c -o "bin.v2/libs/config/checks/clang-darwin-12.0/debug/threading-multi/visibility-hidden/cxx11_static_assert.o" "/Users/gianlaager/Documents/code/C++/ClionProjects/PGE-triSYCL-extension/deps/boost/libs/config/checks/test_case.cpp"

...failed clang-darwin.compile.c++ bin.v2/libs/config/checks/clang-darwin-12.0/debug/threading-multi/visibility-hidden/cxx11_static_assert.o...
...failed updating 1 target...
...found 9 targets...
...updating 7 targets...
clang-darwin.compile.c++ bin.v2/libs/nowide/build/clang-darwin-12.0/debug/threading-multi/visibility-hidden/cxx11_moveable_fstreams.o
In file included from libs/nowide/src/../test/check_movable_fstreams.cpp:8:
In file included from /Applications/Xcode.app/Contents/Developer/Toolchains/XcodeDefault.xctoolchain/usr/bin/../include/c++/v1/fstream:183:
In file included from /Applications/Xcode.app/Contents/Developer/Toolchains/XcodeDefault.xctoolchain/usr/bin/../include/c++/v1/ostream:139:
/Applications/Xcode.app/Contents/Developer/Toolchains/XcodeDefault.xctoolchain/usr/bin/../include/c++/v1/streambuf:492:64: error: 'operator=' is a private member of 'std::__1::ios_base'
_LIBCPP_EXTERN_TEMPLATE(class _LIBCPP_EXTERN_TEMPLATE_TYPE_VIS basic_ios<char>)
                                                               ^
/Applications/Xcode.app/Contents/Developer/Toolchains/XcodeDefault.xctoolchain/usr/bin/../include/c++/v1/istream:1642:64: note: in implicit copy assignment operator for 'std::__1::basic_ios<char>' first required here
_LIBCPP_EXTERN_TEMPLATE(class _LIBCPP_EXTERN_TEMPLATE_TYPE_VIS basic_istream<char>)
                                                               ^
/Applications/Xcode.app/Contents/Developer/Toolchains/XcodeDefault.xctoolchain/usr/bin/../include/c++/v1/istream:1644:64: note: in implicit copy assignment operator for 'std::__1::basic_istream<char>' first required here
_LIBCPP_EXTERN_TEMPLATE(class _LIBCPP_EXTERN_TEMPLATE_TYPE_VIS basic_iostream<char>)
                                                               ^
/Applications/Xcode.app/Contents/Developer/Toolchains/XcodeDefault.xctoolchain/usr/bin/../include/c++/v1/iosfwd:148:32: note: in implicit copy assignment operator for 'std::__1::basic_iostream<char>' first required here
    class _LIBCPP_TEMPLATE_VIS basic_fstream;
                               ^
libs/nowide/src/../test/check_movable_fstreams.cpp:17:8: note: in implicit copy assignment operator for 'std::__1::basic_fstream<char, std::__1::char_traits<char> >' first required here
    s2 = std::move(s1);
       ^
/Applications/Xcode.app/Contents/Developer/Toolchains/XcodeDefault.xctoolchain/usr/bin/../include/c++/v1/ios:313:15: note: declared private here
    ios_base& operator=(const ios_base&); // = delete;
              ^
1 error generated.

    "clang++" -x c++ -fvisibility-inlines-hidden -fPIC -m64 -O0 -fno-inline -Wall -g -fvisibility=hidden  -DBOOST_ALL_NO_LIB=1 -I"." -c -o "bin.v2/libs/nowide/build/clang-darwin-12.0/debug/threading-multi/visibility-hidden/cxx11_moveable_fstreams.o" "libs/nowide/src/../test/check_movable_fstreams.cpp"

...failed clang-darwin.compile.c++ bin.v2/libs/nowide/build/clang-darwin-12.0/debug/threading-multi/visibility-hidden/cxx11_moveable_fstreams.o...
...failed updating 1 target...
...updated 6 targets...
...found 3 targets...
...updating 2 targets...
clang-darwin.compile.c++ bin.v2/libs/nowide/build/clang-darwin-12.0/debug/threading-multi/visibility-hidden/check_lfs_support.o
libs/nowide/src/../test/check_lfs_support.cpp:29:11: error: use of undeclared identifier 'nullptr'
    check(nullptr);
          ^
1 error generated.

    "clang++" -x c++ -fvisibility-inlines-hidden -fPIC -m64 -O0 -fno-inline -Wall -g -fvisibility=hidden  -DBOOST_ALL_NO_LIB=1 -I"." -c -o "bin.v2/libs/nowide/build/clang-darwin-12.0/debug/threading-multi/visibility-hidden/check_lfs_support.o" "libs/nowide/src/../test/check_lfs_support.cpp"

...failed clang-darwin.compile.c++ bin.v2/libs/nowide/build/clang-darwin-12.0/debug/threading-multi/visibility-hidden/check_lfs_support.o...
...skipped <pbin.v2/libs/nowide/build/clang-darwin-12.0/debug/threading-multi/visibility-hidden>lfs_support for lack of <pbin.v2/libs/nowide/build/clang-darwin-12.0/debug/threading-multi/visibility-hidden>check_lfs_support.o...
...failed updating 1 target...
...skipped 1 target...
...found 12 targets...
...updating 9 targets...
clang-darwin.compile.c++ bin.v2/libs/stacktrace/build/clang-darwin-12.0/debug/threading-multi/visibility-hidden/has_backtrace.o
libs/stacktrace/build/has_backtrace.cpp:7:10: fatal error: 'backtrace.h' file not found
#include <backtrace.h>
         ^~~~~~~~~~~~~
1 error generated.

    "clang++" -x c++ -fvisibility-inlines-hidden -fPIC -m64 -O0 -fno-inline -Wall -g -fvisibility=hidden  -DBOOST_ALL_NO_LIB=1 -I"." -c -o "bin.v2/libs/stacktrace/build/clang-darwin-12.0/debug/threading-multi/visibility-hidden/has_backtrace.o" "libs/stacktrace/build/has_backtrace.cpp"

...failed clang-darwin.compile.c++ bin.v2/libs/stacktrace/build/clang-darwin-12.0/debug/threading-multi/visibility-hidden/has_backtrace.o...
...skipped <pbin.v2/libs/stacktrace/build/clang-darwin-12.0/debug/threading-multi/visibility-hidden>libbacktrace_exe for lack of <pbin.v2/libs/stacktrace/build/clang-darwin-12.0/debug/threading-multi/visibility-hidden>has_backtrace.o...
...skipped <pbin.v2/libs/stacktrace/build/clang-darwin-12.0/debug/threading-multi/visibility-hidden>libbacktrace.output for lack of <pbin.v2/libs/stacktrace/build/clang-darwin-12.0/debug/threading-multi/visibility-hidden>libbacktrace_exe...
...failed updating 1 target...
...skipped 2 targets...
...updated 6 targets...
...found 5 targets...
...updating 3 targets...
clang-darwin.compile.c++ bin.v2/libs/stacktrace/build/clang-darwin-12.0/debug/threading-multi/visibility-hidden/has_addr2line.o
clang-darwin.link bin.v2/libs/stacktrace/build/clang-darwin-12.0/debug/threading-multi/visibility-hidden/addr2line_exe
Jamfile</Users/gianlaager/Documents/code/C++/ClionProjects/PGE-triSYCL-extension/deps/boost/libs/stacktrace/build>.mp_simple_run_action bin.v2/libs/stacktrace/build/clang-darwin-12.0/debug/threading-multi/visibility-hidden/addr2line.output
sh: /usr/bin/addr2line: No such file or directory
...updated 3 targets...
...found 5 targets...
...updating 3 targets...
clang-darwin.compile.c++ bin.v2/libs/stacktrace/build/clang-darwin-12.0/debug/threading-multi/visibility-hidden/has_windbg.o
libs/stacktrace/build/has_windbg.cpp:8:10: fatal error: 'windows.h' file not found
#include <windows.h>
         ^~~~~~~~~~~
1 error generated.

    "clang++" -x c++ -fvisibility-inlines-hidden -fPIC -m64 -O0 -fno-inline -Wall -g -fvisibility=hidden  -DBOOST_ALL_NO_LIB=1 -I"." -c -o "bin.v2/libs/stacktrace/build/clang-darwin-12.0/debug/threading-multi/visibility-hidden/has_windbg.o" "libs/stacktrace/build/has_windbg.cpp"

...failed clang-darwin.compile.c++ bin.v2/libs/stacktrace/build/clang-darwin-12.0/debug/threading-multi/visibility-hidden/has_windbg.o...
...skipped <pbin.v2/libs/stacktrace/build/clang-darwin-12.0/debug/threading-multi/visibility-hidden>WinDbg_exe for lack of <pbin.v2/libs/stacktrace/build/clang-darwin-12.0/debug/threading-multi/visibility-hidden>has_windbg.o...
...skipped <pbin.v2/libs/stacktrace/build/clang-darwin-12.0/debug/threading-multi/visibility-hidden>WinDbg.output for lack of <pbin.v2/libs/stacktrace/build/clang-darwin-12.0/debug/threading-multi/visibility-hidden>WinDbg_exe...
...failed updating 1 target...
...skipped 2 targets...
...found 4 targets...
...updating 3 targets...
clang-darwin.compile.c++ bin.v2/libs/stacktrace/build/clang-darwin-12.0/debug/threading-multi/visibility-hidden/has_windbg_cached.o
libs/stacktrace/build/has_windbg_cached.cpp:11:10: fatal error: 'windows.h' file not found
#include <windows.h>
         ^~~~~~~~~~~
1 error generated.

    "clang++" -x c++ -fvisibility-inlines-hidden -fPIC -m64 -O0 -fno-inline -Wall -g -fvisibility=hidden  -DBOOST_ALL_NO_LIB=1 -I"." -c -o "bin.v2/libs/stacktrace/build/clang-darwin-12.0/debug/threading-multi/visibility-hidden/has_windbg_cached.o" "libs/stacktrace/build/has_windbg_cached.cpp"

...failed clang-darwin.compile.c++ bin.v2/libs/stacktrace/build/clang-darwin-12.0/debug/threading-multi/visibility-hidden/has_windbg_cached.o...
...skipped <pbin.v2/libs/stacktrace/build/clang-darwin-12.0/debug/threading-multi/visibility-hidden>WinDbgCached_exe for lack of <pbin.v2/libs/stacktrace/build/clang-darwin-12.0/debug/threading-multi/visibility-hidden>has_windbg_cached.o...
...skipped <pbin.v2/libs/stacktrace/build/clang-darwin-12.0/debug/threading-multi/visibility-hidden>WinDbgCached.output for lack of <pbin.v2/libs/stacktrace/build/clang-darwin-12.0/debug/threading-multi/visibility-hidden>WinDbgCached_exe...
...failed updating 1 target...
...skipped 2 targets...
...found 165 targets...
...updating 7 targets...
clang-darwin.compile.c++ bin.v2/check/predef/clang-darwin-12.0/debug/address-model-64/architecture-x86/predef_check_cc_09a06289f4560e2f553bb0cbbec71436.o
In file included from /Users/gianlaager/Documents/code/C++/ClionProjects/PGE-triSYCL-extension/deps/boost/libs/predef/tools/check/predef_check_cc_as_cpp.cpp:7:
/Users/gianlaager/Documents/code/C++/ClionProjects/PGE-triSYCL-extension/deps/boost/libs/predef/tools/check/predef_check_cc.h:11:9: error: "FAILED"
#       error "FAILED"
        ^
1 error generated.

    "clang++" -x c++ -fPIC -m64 -O0 -fno-inline -Wall -g  -DCHECK="BOOST_COMP_GNUC >= BOOST_VERSION_NUMBER(4,3,0)" -I"/Users/gianlaager/Documents/code/C++/ClionProjects/PGE-triSYCL-extension/deps/boost" -I"/Users/gianlaager/Documents/code/C++/ClionProjects/PGE-triSYCL-extension/deps/boost/libs/predef/include" -c -o "bin.v2/check/predef/clang-darwin-12.0/debug/address-model-64/architecture-x86/predef_check_cc_09a06289f4560e2f553bb0cbbec71436.o" "/Users/gianlaager/Documents/code/C++/ClionProjects/PGE-triSYCL-extension/deps/boost/libs/predef/tools/check/predef_check_cc_as_cpp.cpp"

...failed clang-darwin.compile.c++ bin.v2/check/predef/clang-darwin-12.0/debug/address-model-64/architecture-x86/predef_check_cc_09a06289f4560e2f553bb0cbbec71436.o...
...failed updating 1 target...
...updated 6 targets...
...found 1 target...
...updating 1 target...
clang-darwin.compile.c++ bin.v2/standalone/ac/clang-darwin-12.0/release/link-static/threading-multi/visibility-hidden/zlib_h.o
...updated 1 target...
...found 2 targets...
...updating 2 targets...
clang-darwin.compile.c++ bin.v2/standalone/ac/clang-darwin-12.0/release/link-static/threading-multi/visibility-hidden/main-z.o
clang-darwin.link bin.v2/standalone/ac/clang-darwin-12.0/release/link-static/threading-multi/visibility-hidden/z
...updated 2 targets...
...found 1 target...
...updating 1 target...
clang-darwin.compile.c++ bin.v2/standalone/ac/clang-darwin-12.0/release/link-static/threading-multi/visibility-hidden/bzlib_h.o
...updated 1 target...
...found 2 targets...
...updating 2 targets...
clang-darwin.compile.c++ bin.v2/standalone/ac/clang-darwin-12.0/release/link-static/threading-multi/visibility-hidden/main-bz2.o
clang-darwin.link bin.v2/standalone/ac/clang-darwin-12.0/release/link-static/threading-multi/visibility-hidden/bz2
...updated 2 targets...
...found 1 target...
...updating 1 target...
clang-darwin.compile.c++ bin.v2/standalone/ac/clang-darwin-12.0/release/link-static/threading-multi/visibility-hidden/lzma_h.o
...updated 1 target...
...found 2 targets...
...updating 2 targets...
clang-darwin.compile.c++ bin.v2/standalone/ac/clang-darwin-12.0/release/link-static/threading-multi/visibility-hidden/main-lzma.o
clang-darwin.link bin.v2/standalone/ac/clang-darwin-12.0/release/link-static/threading-multi/visibility-hidden/lzma
...updated 2 targets...
...found 1 target...
...updating 1 target...
clang-darwin.compile.c++ bin.v2/standalone/ac/clang-darwin-12.0/release/link-static/threading-multi/visibility-hidden/zstd_h.o
bin.v2/standalone/ac/zstd_h.cpp:1:10: fatal error: 'zstd.h' file not found
#include <zstd.h>
         ^~~~~~~~
1 error generated.

    "clang++" -x c++ -fvisibility-inlines-hidden -m64 -O3 -Wall -fvisibility=hidden -Wno-inline  -DNDEBUG  -c -o "bin.v2/standalone/ac/clang-darwin-12.0/release/link-static/threading-multi/visibility-hidden/zstd_h.o" "bin.v2/standalone/ac/zstd_h.cpp"

...failed clang-darwin.compile.c++ bin.v2/standalone/ac/clang-darwin-12.0/release/link-static/threading-multi/visibility-hidden/zstd_h.o...
...failed updating 1 target...
...found 1 target...
...updating 1 target...
config-cache.write bin.v2/project-cache.jam
...updated 1 target...
